# JRE version: Java(TM) SE Runtime Environment (23.0.2+7) (build 23.0.2+7-58)
# Java VM: Java HotSpot(TM) 64-Bit Server VM (23.0.2+7-58, mixed mode, sharing, tiered, compressed oops, compressed class ptrs, g1 gc, windows-amd64)
GC Precious Log:
 CardTable entry size: 512
 Card Set container configuration: InlinePtr #cards 5 size 8 Array Of Cards #cards 10 size 36 Howl #buckets 4 coarsen threshold 1843 Howl Bitmap #cards 512 size 80 coarsen threshold 460 Card regions per heap region 1 cards per card region 2048
 CPUs: 8 total, 8 available
 Memory: 18308M
 Large Page Support: Disabled
 NUMA Support: Disabled
 Compressed Oops: Enabled (32-bit)
 Heap Region Size: 1M
 Heap Min Capacity: 256M
 Heap Initial Capacity: 256M
 Heap Max Capacity: 512M
 Pre-touch: Disabled
 Parallel Workers: 8
 Concurrent Workers: 2
 Concurrent Refinement Workers: 8
 Periodic GC: Disabled
Heap:
 garbage-first heap   total reserved 524288K, committed 262144K, used 123203K [0x00000000e0000000, 0x0000000100000000)
  region size 1024K, 45 young (46080K), 12 survivors (12288K)
 Metaspace       used 82975K, committed 85120K, reserved 458752K
  class space    used 11930K, committed 12992K, reserved 327680K
GC Heap History (20 events):
Event: 9.450 GC heap before
{Heap before GC invocations=4 (full 0):
 garbage-first heap   total reserved 524288K, committed 262144K, used 54840K [0x00000000e0000000, 0x0000000100000000)
  region size 1024K, 43 young (44032K), 9 survivors (9216K)
 Metaspace       used 20798K, committed 21504K, reserved 393216K
  class space    used 3072K, committed 3392K, reserved 327680K
}
Event: 9.468 GC heap after
{Heap after GC invocations=5 (full 0):
 garbage-first heap   total reserved 524288K, committed 262144K, used 25147K [0x00000000e0000000, 0x0000000100000000)
  region size 1024K, 3 young (3072K), 3 survivors (3072K)
 Metaspace       used 20798K, committed 21504K, reserved 393216K
  class space    used 3072K, committed 3392K, reserved 327680K
}
Event: 13.362 GC heap before
{Heap before GC invocations=6 (full 0):
 garbage-first heap   total reserved 524288K, committed 262144K, used 144955K [0x00000000e0000000, 0x0000000100000000)
  region size 1024K, 119 young (121856K), 3 survivors (3072K)
 Metaspace       used 33725K, committed 34816K, reserved 393216K
  class space    used 4758K, committed 5248K, reserved 327680K
}
Event: 13.376 GC heap after
{Heap after GC invocations=7 (full 0):
 garbage-first heap   total reserved 524288K, committed 262144K, used 32007K [0x00000000e0000000, 0x0000000100000000)
  region size 1024K, 10 young (10240K), 10 survivors (10240K)
 Metaspace       used 33725K, committed 34816K, reserved 393216K
  class space    used 4758K, committed 5248K, reserved 327680K
}
Event: 14.034 GC heap before
{Heap before GC invocations=7 (full 0):
 garbage-first heap   total reserved 524288K, committed 262144K, used 43271K [0x00000000e0000000, 0x0000000100000000)
  region size 1024K, 22 young (22528K), 10 survivors (10240K)
 Metaspace       used 34903K, committed 35968K, reserved 393216K
  class space    used 4975K, committed 5440K, reserved 327680K
}
Event: 14.048 GC heap after
{Heap after GC invocations=8 (full 0):
 garbage-first heap   total reserved 524288K, committed 262144K, used 32598K [0x00000000e0000000, 0x0000000100000000)
  region size 1024K, 9 young (9216K), 9 survivors (9216K)
 Metaspace       used 34903K, committed 35968K, reserved 393216K
  class space    used 4975K, committed 5440K, reserved 327680K
}
Event: 14.165 GC heap before
{Heap before GC invocations=8 (full 0):
 garbage-first heap   total reserved 524288K, committed 262144K, used 36694K [0x00000000e0000000, 0x0000000100000000)
  region size 1024K, 14 young (14336K), 9 survivors (9216K)
 Metaspace       used 35175K, committed 36288K, reserved 393216K
  class space    used 5031K, committed 5568K, reserved 327680K
}
Event: 14.178 GC heap after
{Heap after GC invocations=9 (full 0):
 garbage-first heap   total reserved 524288K, committed 262144K, used 33439K [0x00000000e0000000, 0x0000000100000000)
  region size 1024K, 9 young (9216K), 9 survivors (9216K)
 Metaspace       used 35175K, committed 36288K, reserved 393216K
  class space    used 5031K, committed 5568K, reserved 327680K
}
Event: 19.747 GC heap before
{Heap before GC invocations=10 (full 0):
 garbage-first heap   total reserved 524288K, committed 262144K, used 178847K [0x00000000e0000000, 0x0000000100000000)
  region size 1024K, 151 young (154624K), 9 survivors (9216K)
 Metaspace       used 51703K, committed 53568K, reserved 393216K
  class space    used 7667K, committed 8576K, reserved 327680K
}
Event: 19.765 GC heap after
{Heap after GC invocations=11 (full 0):
 garbage-first heap   total reserved 524288K, committed 262144K, used 41002K [0x00000000e0000000, 0x0000000100000000)
  region size 1024K, 17 young (17408K), 17 survivors (17408K)
 Metaspace       used 51703K, committed 53568K, reserved 393216K
  class space    used 7667K, committed 8576K, reserved 327680K
}
Event: 22.781 GC heap before
{Heap before GC invocations=11 (full 0):
 garbage-first heap   total reserved 524288K, committed 262144K, used 71722K [0x00000000e0000000, 0x0000000100000000)
  region size 1024K, 48 young (49152K), 17 survivors (17408K)
 Metaspace       used 58933K, committed 60736K, reserved 393216K
  class space    used 8594K, committed 9472K, reserved 327680K
}
Event: 22.814 GC heap after
{Heap after GC invocations=12 (full 0):
 garbage-first heap   total reserved 524288K, committed 262144K, used 43802K [0x00000000e0000000, 0x0000000100000000)
  region size 1024K, 13 young (13312K), 13 survivors (13312K)
 Metaspace       used 58933K, committed 60736K, reserved 393216K
  class space    used 8594K, committed 9472K, reserved 327680K
}
Event: 23.134 GC heap before
{Heap before GC invocations=12 (full 0):
 garbage-first heap   total reserved 524288K, committed 262144K, used 50970K [0x00000000e0000000, 0x0000000100000000)
  region size 1024K, 21 young (21504K), 13 survivors (13312K)
 Metaspace       used 59211K, committed 61056K, reserved 393216K
  class space    used 8631K, committed 9536K, reserved 327680K
}
Event: 23.149 GC heap after
{Heap after GC invocations=13 (full 0):
 garbage-first heap   total reserved 524288K, committed 262144K, used 46224K [0x00000000e0000000, 0x0000000100000000)
  region size 1024K, 6 young (6144K), 6 survivors (6144K)
 Metaspace       used 59211K, committed 61056K, reserved 393216K
  class space    used 8631K, committed 9536K, reserved 327680K
}
Event: 27.965 GC heap before
{Heap before GC invocations=14 (full 0):
 garbage-first heap   total reserved 524288K, committed 262144K, used 190608K [0x00000000e0000000, 0x0000000100000000)
  region size 1024K, 148 young (151552K), 6 survivors (6144K)
 Metaspace       used 61011K, committed 62912K, reserved 393216K
  class space    used 8790K, committed 9664K, reserved 327680K
}
Event: 27.998 GC heap after
{Heap after GC invocations=15 (full 0):
 garbage-first heap   total reserved 524288K, committed 262144K, used 57235K [0x00000000e0000000, 0x0000000100000000)
  region size 1024K, 17 young (17408K), 17 survivors (17408K)
 Metaspace       used 61011K, committed 62912K, reserved 393216K
  class space    used 8790K, committed 9664K, reserved 327680K
}
Event: 32.363 GC heap before
{Heap before GC invocations=15 (full 0):
 garbage-first heap   total reserved 524288K, committed 262144K, used 207763K [0x00000000e0000000, 0x0000000100000000)
  region size 1024K, 153 young (156672K), 17 survivors (17408K)
 Metaspace       used 71214K, committed 73216K, reserved 393216K
  class space    used 10296K, committed 11264K, reserved 327680K
}
Event: 32.392 GC heap after
{Heap after GC invocations=16 (full 0):
 garbage-first heap   total reserved 524288K, committed 262144K, used 79915K [0x00000000e0000000, 0x0000000100000000)
  region size 1024K, 13 young (13312K), 13 survivors (13312K)
 Metaspace       used 71214K, committed 73216K, reserved 393216K
  class space    used 10296K, committed 11264K, reserved 327680K
}
Event: 38.297 GC heap before
{Heap before GC invocations=16 (full 0):
 garbage-first heap   total reserved 524288K, committed 262144K, used 213035K [0x00000000e0000000, 0x0000000100000000)
  region size 1024K, 143 young (146432K), 13 survivors (13312K)
 Metaspace       used 81177K, committed 83264K, reserved 458752K
  class space    used 11674K, committed 12672K, reserved 327680K
}
Event: 38.316 GC heap after
{Heap after GC invocations=17 (full 0):
 garbage-first heap   total reserved 524288K, committed 262144K, used 90435K [0x00000000e0000000, 0x0000000100000000)
  region size 1024K, 12 young (12288K), 12 survivors (12288K)
 Metaspace       used 81177K, committed 83264K, reserved 458752K
  class space    used 11674K, committed 12672K, reserved 327680K
}

